дек. 27, 2023 8:08:18 AM by.nrydo.docks_and_hobos.Tunnel logShipAdded
INFO: Ship added to the tunnel: capacity=5, cargoType=Cheese
дек. 27, 2023 8:08:18 AM by.nrydo.docks_and_hobos.Tunnel logShipRemoved
INFO: Ship removed from the tunnel: capacity=5, cargoType=Cheese
дек. 27, 2023 8:08:23 AM by.nrydo.docks_and_hobos.Tunnel logShipAdded
INFO: Ship added to the tunnel: capacity=2, cargoType=Bread
дек. 27, 2023 8:08:23 AM by.nrydo.docks_and_hobos.Tunnel logShipRemoved
INFO: Ship removed from the tunnel: capacity=2, cargoType=Bread
дек. 27, 2023 8:08:28 AM by.nrydo.docks_and_hobos.Tunnel logShipAdded
INFO: Ship added to the tunnel: capacity=4, cargoType=Cheese
дек. 27, 2023 8:08:28 AM by.nrydo.docks_and_hobos.Tunnel logShipRemoved
INFO: Ship removed from the tunnel: capacity=4, cargoType=Cheese
дек. 27, 2023 8:08:33 AM by.nrydo.docks_and_hobos.Tunnel logShipAdded
INFO: Ship added to the tunnel: capacity=5, cargoType=Meat
дек. 27, 2023 8:08:33 AM by.nrydo.docks_and_hobos.Tunnel logShipRemoved
INFO: Ship removed from the tunnel: capacity=5, cargoType=Meat
дек. 27, 2023 8:08:38 AM by.nrydo.docks_and_hobos.Tunnel logShipRemoved
INFO: Ship removed from the tunnel: capacity=4, cargoType=Meat
дек. 27, 2023 8:08:38 AM by.nrydo.docks_and_hobos.Tunnel logShipAdded
INFO: Ship added to the tunnel: capacity=4, cargoType=Meat
